#
# A fatal error has been detected by the Java Runtime Environment:
#
#  EXCEPTION_ACCESS_VIOLATION (0xc0000005) at pc=0x00007ffc2e114b7a, pid=4260, tid=18280
#
# JRE version: OpenJDK Runtime Environment (15.0.1+9) (build 15.0.1+9-18)
# Java VM: OpenJDK 64-Bit Server VM (15.0.1+9-18, mixed mode, sharing, tiered, compressed oops, g1 gc, windows-amd64)
# Problematic frame:
# C  [zip.dll+0x4b7a]
#
# No core dump will be written. Minidumps are not enabled by default on client versions of Windows
#
# If you would like to submit a bug report, please visit:
#   https://bugreport.java.com/bugreport/crash.jsp
# The crash happened outside the Java Virtual Machine in native code.
# See problematic frame for where to report the bug.
#

---------------  S U M M A R Y ------------

Command Line: -XX:TieredStopAtLevel=1 -Xverify:none -Dspring.output.ansi.enabled=always -Dcom.sun.management.jmxremote -Dspring.jmx.enabled=true -Dspring.liveBeansView.mbeanDomain -Dspring.application.admin.enabled=true -javaagent:C:\Program Files\JetBrains\IntelliJ IDEA 2020.2.3\lib\idea_rt.jar=51010:C:\Program Files\JetBrains\IntelliJ IDEA 2020.2.3\bin -Dfile.encoding=UTF-8 kz.springboot.springbootdemo.SpringbootdemoApplication

Host: Intel(R) Core(TM) i7-1065G7 CPU @ 1.30GHz, 8 cores, 15G,  Windows 10 , 64 bit Build 18362 (10.0.18362.1110)
Time: Wed Oct 28 16:17:12 2020 Oaio?aeuiay Acey (ceia) elapsed time: 1.329340 seconds (0d 0h 0m 1s)

---------------  T H R E A D  ---------------

Current thread (0x0000019c69ec5050):  JavaThread "background-preinit" [_thread_in_native, id=18280, stack(0x0000006657000000,0x0000006657100000)]

Stack: [0x0000006657000000,0x0000006657100000],  sp=0x00000066570fd130,  free space=1012k
Native frames: (J=compiled Java code, j=interpreted, Vv=VM code, C=native code)
C  [zip.dll+0x4b7a]

Java frames: (J=compiled Java code, j=interpreted, Vv=VM code)
J 849  java.util.zip.Inflater.inflateBytesBytes(J[BII[BII)J java.base@15.0.1 (0 bytes) @ 0x0000019c4d72a7b7 [0x0000019c4d72a720+0x0000000000000097]
J 848 c1 java.util.zip.Inflater.inflate([BII)I java.base@15.0.1 (418 bytes) @ 0x0000019c4d72ada4 [0x0000019c4d72ac60+0x0000000000000144]
J 914 c1 java.util.zip.InflaterInputStream.read([BII)I java.base@15.0.1 (138 bytes) @ 0x0000019c4d746f0c [0x0000019c4d746e60+0x00000000000000ac]
J 1301 c1 jdk.internal.loader.Resource.getBytes()[B java.base@15.0.1 (244 bytes) @ 0x0000019c4d7edd24 [0x0000019c4d7ed880+0x00000000000004a4]
J 1207 c1 jdk.internal.loader.BuiltinClassLoader.defineClass(Ljava/lang/String;Ljdk/internal/loader/Resource;)Ljava/lang/Class; java.base@15.0.1 (121 bytes) @ 0x0000019c4d7c7e84 [0x0000019c4d7c7aa0+0x00000000000003e4]
J 1184 c1 jdk.internal.loader.BuiltinClassLoader.findClassOnClassPathOrNull(Ljava/lang/String;)Ljava/lang/Class; java.base@15.0.1 (64 bytes) @ 0x0000019c4d7c3304 [0x0000019c4d7c30e0+0x0000000000000224]
J 1033 c1 jdk.internal.loader.BuiltinClassLoader.loadClassOrNull(Ljava/lang/String;Z)Ljava/lang/Class; java.base@15.0.1 (143 bytes) @ 0x0000019c4d77a714 [0x0000019c4d77a280+0x0000000000000494]
J 1102 c1 jdk.internal.loader.ClassLoaders$AppClassLoader.loadClass(Ljava/lang/String;Z)Ljava/lang/Class; java.base@15.0.1 (40 bytes) @ 0x0000019c4d79abcc [0x0000019c4d79aa80+0x000000000000014c]
J 1092 c1 java.lang.ClassLoader.loadClass(Ljava/lang/String;)Ljava/lang/Class; java.base@15.0.1 (7 bytes) @ 0x0000019c4d795864 [0x0000019c4d795820+0x0000000000000044]
v  ~StubRoutines::call_stub
j  com.fasterxml.jackson.databind.cfg.MapperConfigBase.<clinit>()V+6
v  ~StubRoutines::call_stub
j  com.fasterxml.jackson.databind.ObjectMapper.<init>(Lcom/fasterxml/jackson/core/JsonFactory;Lcom/fasterxml/jackson/databind/ser/DefaultSerializerProvider;Lcom/fasterxml/jackson/databind/deser/DefaultDeserializationContext;)V+127
j  com.fasterxml.jackson.databind.ObjectMapper.<init>()V+4
j  org.springframework.http.converter.json.Jackson2ObjectMapperBuilder.build()Lcom/fasterxml/jackson/databind/ObjectMapper;+83
j  org.springframework.http.converter.json.MappingJackson2HttpMessageConverter.<init>()V+4
j  org.springframework.http.converter.support.AllEncompassingFormHttpMessageConverter.<init>()V+53
j  org.springframework.boot.autoconfigure.BackgroundPreinitializer$MessageConverterInitializer.run()V+4
j  org.springframework.boot.autoconfigure.BackgroundPreinitializer$1.runSafely(Ljava/lang/Runnable;)V+1
j  org.springframework.boot.autoconfigure.BackgroundPreinitializer$1.run()V+33
j  java.lang.Thread.run()V+11 java.base@15.0.1
v  ~StubRoutines::call_stub

siginfo: EXCEPTION_ACCESS_VIOLATION (0xc0000005), writing address 0x0000000000000000


Register to memory mapping:

RIP=0x00007ffc2e114b7a zip.dll
RAX=0x0000000000000003 is an unknown value
RBX=0x0 is NULL
RCX=0x0000000000000003 is an unknown value
RDX=0x0 is NULL
RSP=0x00000066570fd130 is pointing into the stack for thread: 0x0000019c69ec5050
RBP=0x0000019c695b2ff0 points into unknown readable memory: 0x0000019c6956a740 | 40 a7 56 69 9c 01 00 00
RSI=0x000000071311b6d1 is pointing into object: [B 
{0x000000071311b380} - klass: {type array byte}
 - length: 3697
RDI=0x000000000000003f is an unknown value
R8 =0x0000000000008000 is an unknown value
R9 =0x000000000000c008 is an unknown value
R10=0x00000000022ba083 is an unknown value
R11=0x0 is NULL
R12=0x000000071311d1d7 is pointing into object: [B 
{0x000000071311c6c8} - klass: {type array byte}
 - length: 3072
R13=0x0000000000000400 is an unknown value
R14=0x0000019c6956a740 points into unknown readable memory: 0x000000071311b627 | 27 b6 11 13 07 00 00 00
R15=0x000000071311baee is pointing into object: [B 
{0x000000071311b380} - klass: {type array byte}
 - length: 3697


Registers:
RAX=0x0000000000000003, RBX=0x0000000000000000, RCX=0x0000000000000003, RDX=0x0000000000000000
RSP=0x00000066570fd130, RBP=0x0000019c695b2ff0, RSI=0x000000071311b6d1, RDI=0x000000000000003f
R8 =0x0000000000008000, R9 =0x000000000000c008, R10=0x00000000022ba083, R11=0x0000000000000000
R12=0x000000071311d1d7, R13=0x0000000000000400, R14=0x0000019c6956a740, R15=0x000000071311baee
RIP=0x00007ffc2e114b7a, EFLAGS=0x0000000000010246

Top of Stack: (sp=0x00000066570fd130)
0x00000066570fd130:   0000019c695e2fd0 0000019c695b3540
0x00000066570fd140:   0000019c695b3ed8 000000071311cad8
0x00000066570fd150:   0015001500150015 00000000000004cc
0x00000066570fd160:   0000019c6956a740 000000071311b627
0x00000066570fd170:   00000000000007fd 0000000000000007
0x00000066570fd180:   000000000000007d 00000066570fd1f0
0x00000066570fd190:   0000019c695b2ff0 00007ffc2e115d67
0x00000066570fd1a0:   0000019c00008000 000000660000003f
0x00000066570fd1b0:   0000000000000400 00000000000001ff
0x00000066570fd1c0:   0000019c695b3064 0000019c695b3300
0x00000066570fd1d0:   0000000700000000 000004ccdd665c63
0x00000066570fd1e0:   000000071311b627 000000071311cadb
0x00000066570fd1f0:   00000066570fd2e8 0000019c69ec5378
0x00000066570fd200:   0000019c6956a740 000000071311c6d8
0x00000066570fd210:   0000000000000800 00000000000004cc
0x00000066570fd220:   000000071311b390 00007ffc2e111c7b 

Instructions: (pc=0x00007ffc2e114b7a)
0x00007ffc2e114a7a:   4c 8b 49 10 41 83 ef 05 48 8b 31 bf 01 00 00 00
0x00007ffc2e114a8a:   8b 49 18 4c 03 fe 44 8b 45 34 2b d1 44 8b 6d 3c
0x00007ffc2e114a9a:   8b 5d 48 44 8b 55 4c 44 8d a1 ff fe ff ff 8b 4d
0x00007ffc2e114aaa:   70 4d 03 e1 8b c2 49 8b d1 48 2b d0 41 d3 e3 8b
0x00007ffc2e114aba:   45 38 41 ff cb 8b 4d 74 89 84 24 80 00 00 00 48
0x00007ffc2e114aca:   8b 45 40 48 89 04 24 48 8b 45 60 d3 e7 48 89 44
0x00007ffc2e114ada:   24 08 ff cf 48 8b 45 68 48 89 44 24 10 48 89 54
0x00007ffc2e114aea:   24 18 44 89 44 24 70 44 89 9c 24 88 00 00 00 89
0x00007ffc2e114afa:   7c 24 78 41 83 fa 0f 73 1e 0f b6 06 41 8b ca d3
0x00007ffc2e114b0a:   e0 41 8d 4a 08 03 d8 0f b6 46 01 d3 e0 48 83 c6
0x00007ffc2e114b1a:   02 03 d8 41 83 c2 10 41 8b cb 8b c3 48 23 c8 48
0x00007ffc2e114b2a:   8b 44 24 08 44 8b 1c 88 eb 2b f6 c2 10 75 4c f6
0x00007ffc2e114b3a:   c2 40 0f 85 ce 02 00 00 8b ca 41 c1 eb 10 b8 01
0x00007ffc2e114b4a:   00 00 00 d3 e0 48 8b 4c 24 08 ff c8 23 c3 41 03
0x00007ffc2e114b5a:   c3 44 8b 1c 81 41 8b c3 41 0f b6 d3 c1 e8 08 0f
0x00007ffc2e114b6a:   b6 c8 d3 eb 44 2b d1 45 84 db 75 be 41 c1 eb 10
0x00007ffc2e114b7a:   45 88 19 49 ff c1 e9 74 02 00 00 41 c1 eb 10 83
0x00007ffc2e114b8a:   e2 0f 74 2b 44 3b d2 73 11 0f b6 06 41 8b ca d3
0x00007ffc2e114b9a:   e0 48 ff c6 03 d8 41 83 c2 08 8b ca b8 01 00 00
0x00007ffc2e114baa:   00 d3 e0 ff c8 23 c3 d3 eb 44 03 d8 44 2b d2 41
0x00007ffc2e114bba:   83 fa 0f 73 1e 0f b6 06 41 8b ca d3 e0 41 8d 4a
0x00007ffc2e114bca:   08 03 d8 0f b6 46 01 d3 e0 48 83 c6 02 03 d8 41
0x00007ffc2e114bda:   83 c2 10 8b cf 8b c3 48 23 c8 48 8b 44 24 10 8b
0x00007ffc2e114bea:   3c 88 eb 23 f6 c2 40 0f 85 30 02 00 00 8b ca c1
0x00007ffc2e114bfa:   ef 10 b8 01 00 00 00 d3 e0 48 8b 4c 24 10 ff c8
0x00007ffc2e114c0a:   23 c3 03 c7 8b 3c 81 8b c7 40 0f b6 d7 c1 e8 08
0x00007ffc2e114c1a:   0f b6 c8 d3 eb 44 2b d1 f6 c2 10 74 c7 c1 ef 10
0x00007ffc2e114c2a:   83 e2 0f 44 3b d2 73 27 0f b6 06 41 8b ca d3 e0
0x00007ffc2e114c3a:   41 83 c2 08 03 d8 48 ff c6 44 3b d2 73 11 0f b6
0x00007ffc2e114c4a:   06 41 8b ca d3 e0 03 d8 48 ff c6 41 83 c2 08 8b
0x00007ffc2e114c5a:   ca b8 01 00 00 00 d3 e0 44 2b d2 ff c8 23 c3 d3
0x00007ffc2e114c6a:   eb 03 f8 41 8b c1 2b 44 24 18 3b f8 0f 86 25 01 


Stack slot to memory mapping:
stack at sp + 0 slots: 0x0000019c695e2fd0 points into unknown readable memory: 0x33000000bebafeca | ca fe ba be 00 00 00 33
stack at sp + 1 slots: 0x0000019c695b3540 points into unknown readable memory: 0x00b2060000000300 | 00 03 00 00 00 06 b2 00
stack at sp + 2 slots: 0x0000019c695b3ed8 points into unknown readable memory: 0x0021041400070211 | 11 02 07 00 14 04 21 00
stack at sp + 3 slots: 0x000000071311cad8 is pointing into object: [B 
{0x000000071311c6c8} - klass: {type array byte}
 - length: 3072
stack at sp + 4 slots: 0x0015001500150015 is an unknown value
stack at sp + 5 slots: 0x00000000000004cc is an unknown value
stack at sp + 6 slots: 0x0000019c6956a740 points into unknown readable memory: 0x000000071311b627 | 27 b6 11 13 07 00 00 00
stack at sp + 7 slots: 0x000000071311b627 is pointing into object: [B 
{0x000000071311b380} - klass: {type array byte}
 - length: 3697


---------------  P R O C E S S  ---------------

Threads class SMR info:
_java_thread_list=0x0000019c6a6f20d0, length=15, elements={
0x0000019c434e0f70, 0x0000019c686fa9a0, 0x0000019c686fe4a0, 0x0000019c6871b6c0,
0x0000019c6871c080, 0x0000019c6871ca40, 0x0000019c6871e4c0, 0x0000019c687278f0,
0x0000019c693e2320, 0x0000019c6966e6f0, 0x0000019c69828f80, 0x0000019c699f5010,
0x0000019c69ec5050, 0x0000019c69e13fa0, 0x0000019c69e14940
}

Java Threads: ( => current thread )
  0x0000019c434e0f70 JavaThread "main" [_thread_in_vm, id=20168, stack(0x0000006655600000,0x0000006655700000)]
  0x0000019c686fa9a0 JavaThread "Reference Handler" daemon [_thread_blocked, id=17728, stack(0x0000006655d00000,0x0000006655e00000)]
  0x0000019c686fe4a0 JavaThread "Finalizer" daemon [_thread_blocked, id=19616, stack(0x0000006655e00000,0x0000006655f00000)]
  0x0000019c6871b6c0 JavaThread "Signal Dispatcher" daemon [_thread_blocked, id=4108, stack(0x0000006655f00000,0x0000006656000000)]
  0x0000019c6871c080 JavaThread "Attach Listener" daemon [_thread_blocked, id=4244, stack(0x0000006656000000,0x0000006656100000)]
  0x0000019c6871ca40 JavaThread "Service Thread" daemon [_thread_blocked, id=12588, stack(0x0000006656100000,0x0000006656200000)]
  0x0000019c6871e4c0 JavaThread "C1 CompilerThread0" daemon [_thread_blocked, id=20380, stack(0x0000006656200000,0x0000006656300000)]
  0x0000019c687278f0 JavaThread "Sweeper thread" daemon [_thread_blocked, id=14548, stack(0x0000006656300000,0x0000006656400000)]
  0x0000019c693e2320 JavaThread "Common-Cleaner" daemon [_thread_blocked, id=21488, stack(0x0000006656400000,0x0000006656500000)]
  0x0000019c6966e6f0 JavaThread "Monitor Ctrl-Break" daemon [_thread_in_native, id=14472, stack(0x0000006656500000,0x0000006656600000)]
  0x0000019c69828f80 JavaThread "Notification Thread" daemon [_thread_blocked, id=17528, stack(0x0000006656600000,0x0000006656700000)]
  0x0000019c699f5010 JavaThread "RMI TCP Accept-0" daemon [_thread_in_native, id=15952, stack(0x0000006656700000,0x0000006656800000)]
=>0x0000019c69ec5050 JavaThread "background-preinit" [_thread_in_native, id=18280, stack(0x0000006657000000,0x0000006657100000)]
  0x0000019c69e13fa0 JavaThread "RMI TCP Connection(1)-192.168.1.212" daemon [_thread_in_native, id=9252, stack(0x0000006657100000,0x0000006657200000)]
  0x0000019c69e14940 JavaThread "RMI Scheduler(0)" daemon [_thread_blocked, id=16640, stack(0x0000006657200000,0x0000006657300000)]

Other Threads:
  0x0000019c686f9210 VMThread "VM Thread" [stack: 0x0000006655c00000,0x0000006655d00000] [id=2244]
  0x0000019c434e2120 WatcherThread [stack: 0x0000006656800000,0x0000006656900000] [id=2556]
  0x0000019c4352f6c0 GCTaskThread "GC Thread#0" [stack: 0x0000006655700000,0x0000006655800000] [id=19760]
  0x0000019c69a33c00 GCTaskThread "GC Thread#1" [stack: 0x0000006656900000,0x0000006656a00000] [id=14316]
  0x0000019c69a35580 GCTaskThread "GC Thread#2" [stack: 0x0000006656a00000,0x0000006656b00000] [id=21012]
  0x0000019c69a34260 GCTaskThread "GC Thread#3" [stack: 0x0000006656b00000,0x0000006656c00000] [id=19604]
  0x0000019c69a32280 GCTaskThread "GC Thread#4" [stack: 0x0000006656c00000,0x0000006656d00000] [id=11180]
  0x0000019c69a32c10 GCTaskThread "GC Thread#5" [stack: 0x0000006656d00000,0x0000006656e00000] [id=9780]
  0x0000019c435427c0 ConcurrentGCThread "G1 Main Marker" [stack: 0x0000006655800000,0x0000006655900000] [id=8552]
  0x0000019c43543a60 ConcurrentGCThread "G1 Conc#0" [stack: 0x0000006655900000,0x0000006655a00000] [id=20008]
  0x0000019c68605470 ConcurrentGCThread "G1 Refine#0" [stack: 0x0000006655a00000,0x0000006655b00000] [id=13524]
  0x0000019c69d8a760 ConcurrentGCThread "G1 Refine#1" [stack: 0x0000006656e00000,0x0000006656f00000] [id=15864]
  0x0000019c69da33d0 ConcurrentGCThread "G1 Refine#2" [stack: 0x0000006656f00000,0x0000006657000000] [id=11892]
  0x0000019c68605f80 ConcurrentGCThread "G1 Young RemSet Sampling" [stack: 0x0000006655b00000,0x0000006655c00000] [id=12636]

Threads with active compile tasks:

VM state: not at safepoint (normal execution)

VM Mutex/Monitor currently owned by a thread: None

Heap address: 0x0000000703800000, size: 4040 MB, Compressed Oops mode: Zero based, Oop shift amount: 3
CDS archive(s) mapped at: [0x0000000800000000-0x0000000800b50000-0x0000000800b50000), size 11862016, SharedBaseAddress: 0x0000000800000000, ArchiveRelocationMode: 0.
Compressed class space mapped at: 0x0000000800b50000-0x0000000840b50000, size: 1073741824
Narrow klass base: 0x0000000800000000, Narrow klass shift: 3, Narrow klass range: 0x100000000

GC Precious Log:
 CPUs: 8 total, 8 available
 Memory: 16152M
 Large Page Support: Disabled
 NUMA Support: Disabled
 Compressed Oops: Enabled (Zero based)
 Heap Region Size: 2M
 Heap Min Capacity: 8M
 Heap Initial Capacity: 254M
 Heap Max Capacity: 4040M
 Pre-touch: Disabled
 Parallel Workers: 8
 Concurrent Workers: 2
 Concurrent Refinement Workers: 8
 Periodic GC: Disabled

Heap:
 garbage-first heap   total 260096K, used 16667K [0x0000000703800000, 0x0000000800000000)
  region size 2048K, 6 young (12288K), 1 survivors (2048K)
 Metaspace       used 12663K, capacity 13038K, committed 13312K, reserved 1060864K
  class space    used 1599K, capacity 1718K, committed 1792K, reserved 1048576K

Heap Regions: E=young(eden), S=young(survivor), O=old, HS=humongous(starts), HC=humongous(continues), CS=collection set, F=free, OA=open archive, CA=closed archive, TAMS=top-at-mark-start (previous, next)
|   0|0x0000000703800000, 0x0000000703a00000, 0x0000000703a00000|100%| O|  |TAMS 0x0000000703800000, 0x0000000703800000| Untracked 
|   1|0x0000000703a00000, 0x0000000703c00000, 0x0000000703c00000|100%| O|  |TAMS 0x0000000703a00000, 0x0000000703a00000| Untracked 
|   2|0x0000000703c00000, 0x0000000703e00000, 0x0000000703e00000|100%| O|  |TAMS 0x0000000703c00000, 0x0000000703c00000| Untracked 
|   3|0x0000000703e00000, 0x0000000703f00400, 0x0000000704000000| 50%| O|  |TAMS 0x0000000703e00000, 0x0000000703e00000| Untracked 
|   4|0x0000000704000000, 0x0000000704000000, 0x0000000704200000|  0%| F|  |TAMS 0x0000000704000000, 0x0000000704000000| Untracked 
|   5|0x0000000704200000, 0x0000000704200000, 0x0000000704400000|  0%| F|  |TAMS 0x0000000704200000, 0x0000000704200000| Untracked 
|   6|0x0000000704400000, 0x0000000704400000, 0x0000000704600000|  0%| F|  |TAMS 0x0000000704400000, 0x0000000704400000| Untracked 
|   7|0x0000000704600000, 0x0000000704600000, 0x0000000704800000|  0%| F|  |TAMS 0x0000000704600000, 0x0000000704600000| Untracked 
|   8|0x0000000704800000, 0x0000000704800000, 0x0000000704a00000|  0%| F|  |TAMS 0x0000000704800000, 0x0000000704800000| Untracked 
|   9|0x0000000704a00000, 0x0000000704a00000, 0x0000000704c00000|  0%| F|  |TAMS 0x0000000704a00000, 0x0000000704a00000| Untracked 
|  10|0x0000000704c00000, 0x0000000704c00000, 0x0000000704e00000|  0%| F|  |TAMS 0x0000000704c00000, 0x0000000704c00000| Untracked 
|  11|0x0000000704e00000, 0x0000000704e00000, 0x0000000705000000|  0%| F|  |TAMS 0x0000000704e00000, 0x0000000704e00000| Untracked 
|  12|0x0000000705000000, 0x0000000705000000, 0x0000000705200000|  0%| F|  |TAMS 0x0000000705000000, 0x0000000705000000| Untracked 
|  13|0x0000000705200000, 0x0000000705200000, 0x0000000705400000|  0%| F|  |TAMS 0x0000000705200000, 0x0000000705200000| Untracked 
|  14|0x0000000705400000, 0x0000000705400000, 0x0000000705600000|  0%| F|  |TAMS 0x0000000705400000, 0x0000000705400000| Untracked 
|  15|0x0000000705600000, 0x0000000705600000, 0x0000000705800000|  0%| F|  |TAMS 0x0000000705600000, 0x0000000705600000| Untracked 
|  16|0x0000000705800000, 0x0000000705800000, 0x0000000705a00000|  0%| F|  |TAMS 0x0000000705800000, 0x0000000705800000| Untracked 
|  17|0x0000000705a00000, 0x0000000705a00000, 0x0000000705c00000|  0%| F|  |TAMS 0x0000000705a00000, 0x0000000705a00000| Untracked 
|  18|0x0000000705c00000, 0x0000000705c00000, 0x0000000705e00000|  0%| F|  |TAMS 0x0000000705c00000, 0x0000000705c00000| Untracked 
|  19|0x0000000705e00000, 0x0000000705e00000, 0x0000000706000000|  0%| F|  |TAMS 0x0000000705e00000, 0x0000000705e00000| Untracked 
|  20|0x0000000706000000, 0x0000000706000000, 0x0000000706200000|  0%| F|  |TAMS 0x0000000706000000, 0x0000000706000000| Untracked 
|  21|0x0000000706200000, 0x0000000706200000, 0x0000000706400000|  0%| F|  |TAMS 0x0000000706200000, 0x0000000706200000| Untracked 
|  22|0x0000000706400000, 0x0000000706400000, 0x0000000706600000|  0%| F|  |TAMS 0x0000000706400000, 0x0000000706400000| Untracked 
|  23|0x0000000706600000, 0x0000000706600000, 0x0000000706800000|  0%| F|  |TAMS 0x0000000706600000, 0x0000000706600000| Untracked 
|  24|0x0000000706800000, 0x0000000706800000, 0x0000000706a00000|  0%| F|  |TAMS 0x0000000706800000, 0x0000000706800000| Untracked 
|  25|0x0000000706a00000, 0x0000000706a00000, 0x0000000706c00000|  0%| F|  |TAMS 0x0000000706a00000, 0x0000000706a00000| Untracked 
|  26|0x0000000706c00000, 0x0000000706c00000, 0x0000000706e00000|  0%| F|  |TAMS 0x0000000706c00000, 0x0000000706c00000| Untracked 
|  27|0x0000000706e00000, 0x0000000706e00000, 0x0000000707000000|  0%| F|  |TAMS 0x0000000706e00000, 0x0000000706e00000| Untracked 
|  28|0x0000000707000000, 0x0000000707000000, 0x0000000707200000|  0%| F|  |TAMS 0x0000000707000000, 0x0000000707000000| Untracked 
|  29|0x0000000707200000, 0x0000000707200000, 0x0000000707400000|  0%| F|  |TAMS 0x0000000707200000, 0x0000000707200000| Untracked 
|  30|0x0000000707400000, 0x0000000707400000, 0x0000000707600000|  0%| F|  |TAMS 0x0000000707400000, 0x0000000707400000| Untracked 
|  31|0x0000000707600000, 0x0000000707600000, 0x0000000707800000|  0%| F|  |TAMS 0x0000000707600000, 0x0000000707600000| Untracked 
|  32|0x0000000707800000, 0x0000000707800000, 0x0000000707a00000|  0%| F|  |TAMS 0x0000000707800000, 0x0000000707800000| Untracked 
|  33|0x0000000707a00000, 0x0000000707a00000, 0x0000000707c00000|  0%| F|  |TAMS 0x0000000707a00000, 0x0000000707a00000| Untracked 
|  34|0x0000000707c00000, 0x0000000707c00000, 0x0000000707e00000|  0%| F|  |TAMS 0x0000000707c00000, 0x0000000707c00000| Untracked 
|  35|0x0000000707e00000, 0x0000000707e00000, 0x0000000708000000|  0%| F|  |TAMS 0x0000000707e00000, 0x0000000707e00000| Untracked 
|  36|0x0000000708000000, 0x0000000708000000, 0x0000000708200000|  0%| F|  |TAMS 0x0000000708000000, 0x0000000708000000| Untracked 
|  37|0x0000000708200000, 0x0000000708200000, 0x0000000708400000|  0%| F|  |TAMS 0x0000000708200000, 0x0000000708200000| Untracked 
|  38|0x0000000708400000, 0x0000000708400000, 0x0000000708600000|  0%| F|  |TAMS 0x0000000708400000, 0x0000000708400000| Untracked 
|  39|0x0000000708600000, 0x0000000708600000, 0x0000000708800000|  0%| F|  |TAMS 0x0000000708600000, 0x0000000708600000| Untracked 
|  40|0x0000000708800000, 0x0000000708800000, 0x0000000708a00000|  0%| F|  |TAMS 0x0000000708800000, 0x0000000708800000| Untracked 
|  41|0x0000000708a00000, 0x0000000708a00000, 0x0000000708c00000|  0%| F|  |TAMS 0x0000000708a00000, 0x0000000708a00000| Untracked 
|  42|0x0000000708c00000, 0x0000000708c00000, 0x0000000708e00000|  0%| F|  |TAMS 0x0000000708c00000, 0x0000000708c00000| Untracked 
|  43|0x0000000708e00000, 0x0000000708e00000, 0x0000000709000000|  0%| F|  |TAMS 0x0000000708e00000, 0x0000000708e00000| Untracked 
|  44|0x0000000709000000, 0x0000000709000000, 0x0000000709200000|  0%| F|  |TAMS 0x0000000709000000, 0x0000000709000000| Untracked 
|  45|0x0000000709200000, 0x0000000709200000, 0x0000000709400000|  0%| F|  |TAMS 0x0000000709200000, 0x0000000709200000| Untracked 
|  46|0x0000000709400000, 0x0000000709400000, 0x0000000709600000|  0%| F|  |TAMS 0x0000000709400000, 0x0000000709400000| Untracked 
|  47|0x0000000709600000, 0x0000000709600000, 0x0000000709800000|  0%| F|  |TAMS 0x0000000709600000, 0x0000000709600000| Untracked 
|  48|0x0000000709800000, 0x0000000709800000, 0x0000000709a00000|  0%| F|  |TAMS 0x0000000709800000, 0x0000000709800000| Untracked 
|  49|0x0000000709a00000, 0x0000000709a00000, 0x0000000709c00000|  0%| F|  |TAMS 0x0000000709a00000, 0x0000000709a00000| Untracked 
|  50|0x0000000709c00000, 0x0000000709c00000, 0x0000000709e00000|  0%| F|  |TAMS 0x0000000709c00000, 0x0000000709c00000| Untracked 
|  51|0x0000000709e00000, 0x0000000709e00000, 0x000000070a000000|  0%| F|  |TAMS 0x0000000709e00000, 0x0000000709e00000| Untracked 
|  52|0x000000070a000000, 0x000000070a000000, 0x000000070a200000|  0%| F|  |TAMS 0x000000070a000000, 0x000000070a000000| Untracked 
|  53|0x000000070a200000, 0x000000070a200000, 0x000000070a400000|  0%| F|  |TAMS 0x000000070a200000, 0x000000070a200000| Untracked 
|  54|0x000000070a400000, 0x000000070a400000, 0x000000070a600000|  0%| F|  |TAMS 0x000000070a400000, 0x000000070a400000| Untracked 
|  55|0x000000070a600000, 0x000000070a600000, 0x000000070a800000|  0%| F|  |TAMS 0x000000070a600000, 0x000000070a600000| Untracked 
|  56|0x000000070a800000, 0x000000070a800000, 0x000000070aa00000|  0%| F|  |TAMS 0x000000070a800000, 0x000000070a800000| Untracked 
|  57|0x000000070aa00000, 0x000000070aa00000, 0x000000070ac00000|  0%| F|  |TAMS 0x000000070aa00000, 0x000000070aa00000| Untracked 
|  58|0x000000070ac00000, 0x000000070ac00000, 0x000000070ae00000|  0%| F|  |TAMS 0x000000070ac00000, 0x000000070ac00000| Untracked 
|  59|0x000000070ae00000, 0x000000070ae00000, 0x000000070b000000|  0%| F|  |TAMS 0x000000070ae00000, 0x000000070ae00000| Untracked 
|  60|0x000000070b000000, 0x000000070b000000, 0x000000070b200000|  0%| F|  |TAMS 0x000000070b000000, 0x000000070b000000| Untracked 
|  61|0x000000070b200000, 0x000000070b200000, 0x000000070b400000|  0%| F|  |TAMS 0x000000070b200000, 0x000000070b200000| Untracked 
|  62|0x000000070b400000, 0x000000070b400000, 0x000000070b600000|  0%| F|  |TAMS 0x000000070b400000, 0x000000070b400000| Untracked 
|  63|0x000000070b600000, 0x000000070b600000, 0x000000070b800000|  0%| F|  |TAMS 0x000000070b600000, 0x000000070b600000| Untracked 
|  64|0x000000070b800000, 0x000000070b800000, 0x000000070ba00000|  0%| F|  |TAMS 0x000000070b800000, 0x000000070b800000| Untracked 
|  65|0x000000070ba00000, 0x000000070ba00000, 0x000000070bc00000|  0%| F|  |TAMS 0x000000070ba00000, 0x000000070ba00000| Untracked 
|  66|0x000000070bc00000, 0x000000070bc00000, 0x000000070be00000|  0%| F|  |TAMS 0x000000070bc00000, 0x000000070bc00000| Untracked 
|  67|0x000000070be00000, 0x000000070be00000, 0x000000070c000000|  0%| F|  |TAMS 0x000000070be00000, 0x000000070be00000| Untracked 
|  68|0x000000070c000000, 0x000000070c000000, 0x000000070c200000|  0%| F|  |TAMS 0x000000070c000000, 0x000000070c000000| Untracked 
|  69|0x000000070c200000, 0x000000070c200000, 0x000000070c400000|  0%| F|  |TAMS 0x000000070c200000, 0x000000070c200000| Untracked 
|  70|0x000000070c400000, 0x000000070c400000, 0x000000070c600000|  0%| F|  |TAMS 0x000000070c400000, 0x000000070c400000| Untracked 
|  71|0x000000070c600000, 0x000000070c600000, 0x000000070c800000|  0%| F|  |TAMS 0x000000070c600000, 0x000000070c600000| Untracked 
|  72|0x000000070c800000, 0x000000070c800000, 0x000000070ca00000|  0%| F|  |TAMS 0x000000070c800000, 0x000000070c800000| Untracked 
|  73|0x000000070ca00000, 0x000000070ca00000, 0x000000070cc00000|  0%| F|  |TAMS 0x000000070ca00000, 0x000000070ca00000| Untracked 
|  74|0x000000070cc00000, 0x000000070cc00000, 0x000000070ce00000|  0%| F|  |TAMS 0x000000070cc00000, 0x000000070cc00000| Untracked 
|  75|0x000000070ce00000, 0x000000070ce00000, 0x000000070d000000|  0%| F|  |TAMS 0x000000070ce00000, 0x000000070ce00000| Untracked 
|  76|0x000000070d000000, 0x000000070d000000, 0x000000070d200000|  0%| F|  |TAMS 0x000000070d000000, 0x000000070d000000| Untracked 
|  77|0x000000070d200000, 0x000000070d200000, 0x000000070d400000|  0%| F|  |TAMS 0x000000070d200000, 0x000000070d200000| Untracked 
|  78|0x000000070d400000, 0x000000070d400000, 0x000000070d600000|  0%| F|  |TAMS 0x000000070d400000, 0x000000070d400000| Untracked 
|  79|0x000000070d600000, 0x000000070d600000, 0x000000070d800000|  0%| F|  |TAMS 0x000000070d600000, 0x000000070d600000| Untracked 
|  80|0x000000070d800000, 0x000000070d800000, 0x000000070da00000|  0%| F|  |TAMS 0x000000070d800000, 0x000000070d800000| Untracked 
|  81|0x000000070da00000, 0x000000070da00000, 0x000000070dc00000|  0%| F|  |TAMS 0x000000070da00000, 0x000000070da00000| Untracked 
|  82|0x000000070dc00000, 0x000000070dc00000, 0x000000070de00000|  0%| F|  |TAMS 0x000000070dc00000, 0x000000070dc00000| Untracked 
|  83|0x000000070de00000, 0x000000070de00000, 0x000000070e000000|  0%| F|  |TAMS 0x000000070de00000, 0x000000070de00000| Untracked 
|  84|0x000000070e000000, 0x000000070e000000, 0x000000070e200000|  0%| F|  |TAMS 0x000000070e000000, 0x000000070e000000| Untracked 
|  85|0x000000070e200000, 0x000000070e200000, 0x000000070e400000|  0%| F|  |TAMS 0x000000070e200000, 0x000000070e200000| Untracked 
|  86|0x000000070e400000, 0x000000070e400000, 0x000000070e600000|  0%| F|  |TAMS 0x000000070e400000, 0x000000070e400000| Untracked 
|  87|0x000000070e600000, 0x000000070e600000, 0x000000070e800000|  0%| F|  |TAMS 0x000000070e600000, 0x000000070e600000| Untracked 
|  88|0x000000070e800000, 0x000000070e800000, 0x000000070ea00000|  0%| F|  |TAMS 0x000000070e800000, 0x000000070e800000| Untracked 
|  89|0x000000070ea00000, 0x000000070ea00000, 0x000000070ec00000|  0%| F|  |TAMS 0x000000070ea00000, 0x000000070ea00000| Untracked 
|  90|0x000000070ec00000, 0x000000070ec00000, 0x000000070ee00000|  0%| F|  |TAMS 0x000000070ec00000, 0x000000070ec00000| Untracked 
|  91|0x000000070ee00000, 0x000000070ee00000, 0x000000070f000000|  0%| F|  |TAMS 0x000000070ee00000, 0x000000070ee00000| Untracked 
|  92|0x000000070f000000, 0x000000070f000000, 0x000000070f200000|  0%| F|  |TAMS 0x000000070f000000, 0x000000070f000000| Untracked 
|  93|0x000000070f200000, 0x000000070f200000, 0x000000070f400000|  0%| F|  |TAMS 0x000000070f200000, 0x000000070f200000| Untracked 
|  94|0x000000070f400000, 0x000000070f400000, 0x000000070f600000|  0%| F|  |TAMS 0x000000070f400000, 0x000000070f400000| Untracked 
|  95|0x000000070f600000, 0x000000070f600000, 0x000000070f800000|  0%| F|  |TAMS 0x000000070f600000, 0x000000070f600000| Untracked 
|  96|0x000000070f800000, 0x000000070f800000, 0x000000070fa00000|  0%| F|  |TAMS 0x000000070f800000, 0x000000070f800000| Untracked 
|  97|0x000000070fa00000, 0x000000070fa00000, 0x000000070fc00000|  0%| F|  |TAMS 0x000000070fa00000, 0x000000070fa00000| Untracked 
|  98|0x000000070fc00000, 0x000000070fc00000, 0x000000070fe00000|  0%| F|  |TAMS 0x000000070fc00000, 0x000000070fc00000| Untracked 
|  99|0x000000070fe00000, 0x000000070fe00000, 0x0000000710000000|  0%| F|  |TAMS 0x000000070fe00000, 0x000000070fe00000| Untracked 
| 100|0x0000000710000000, 0x0000000710000000, 0x0000000710200000|  0%| F|  |TAMS 0x0000000710000000, 0x0000000710000000| Untracked 
| 101|0x0000000710200000, 0x0000000710200000, 0x0000000710400000|  0%| F|  |TAMS 0x0000000710200000, 0x0000000710200000| Untracked 
| 102|0x0000000710400000, 0x0000000710400000, 0x0000000710600000|  0%| F|  |TAMS 0x0000000710400000, 0x0000000710400000| Untracked 
| 103|0x0000000710600000, 0x0000000710600000, 0x0000000710800000|  0%| F|  |TAMS 0x0000000710600000, 0x0000000710600000| Untracked 
| 104|0x0000000710800000, 0x0000000710800000, 0x0000000710a00000|  0%| F|  |TAMS 0x0000000710800000, 0x0000000710800000| Untracked 
| 105|0x0000000710a00000, 0x0000000710a00000, 0x0000000710c00000|  0%| F|  |TAMS 0x0000000710a00000, 0x0000000710a00000| Untracked 
| 106|0x0000000710c00000, 0x0000000710c00000, 0x0000000710e00000|  0%| F|  |TAMS 0x0000000710c00000, 0x0000000710c00000| Untracked 
| 107|0x0000000710e00000, 0x0000000710e00000, 0x0000000711000000|  0%| F|  |TAMS 0x0000000710e00000, 0x0000000710e00000| Untracked 
| 108|0x0000000711000000, 0x0000000711000000, 0x0000000711200000|  0%| F|  |TAMS 0x0000000711000000, 0x0000000711000000| Untracked 
| 109|0x0000000711200000, 0x0000000711200000, 0x0000000711400000|  0%| F|  |TAMS 0x0000000711200000, 0x0000000711200000| Untracked 
| 110|0x0000000711400000, 0x0000000711400000, 0x0000000711600000|  0%| F|  |TAMS 0x0000000711400000, 0x0000000711400000| Untracked 
| 111|0x0000000711600000, 0x0000000711600000, 0x0000000711800000|  0%| F|  |TAMS 0x0000000711600000, 0x0000000711600000| Untracked 
| 112|0x0000000711800000, 0x0000000711800000, 0x0000000711a00000|  0%| F|  |TAMS 0x0000000711800000, 0x0000000711800000| Untracked 
| 113|0x0000000711a00000, 0x0000000711a00000, 0x0000000711c00000|  0%| F|  |TAMS 0x0000000711a00000, 0x0000000711a00000| Untracked 
| 114|0x0000000711c00000, 0x0000000711c00000, 0x0000000711e00000|  0%| F|  |TAMS 0x0000000711c00000, 0x0000000711c00000| Untracked 
| 115|0x0000000711e00000, 0x0000000711e00000, 0x0000000712000000|  0%| F|  |TAMS 0x0000000711e00000, 0x0000000711e00000| Untracked 
| 116|0x0000000712000000, 0x0000000712000000, 0x0000000712200000|  0%| F|  |TAMS 0x0000000712000000, 0x0000000712000000| Untracked 
| 117|0x0000000712200000, 0x0000000712200000, 0x0000000712400000|  0%| F|  |TAMS 0x0000000712200000, 0x0000000712200000| Untracked 
| 118|0x0000000712400000, 0x0000000712546a20, 0x0000000712600000| 63%| S|CS|TAMS 0x0000000712400000, 0x0000000712400000| Complete 
| 119|0x0000000712600000, 0x0000000712600000, 0x0000000712800000|  0%| F|  |TAMS 0x0000000712600000, 0x0000000712600000| Untracked 
| 120|0x0000000712800000, 0x0000000712800000, 0x0000000712a00000|  0%| F|  |TAMS 0x0000000712800000, 0x0000000712800000| Untracked 
| 121|0x0000000712a00000, 0x0000000712a00000, 0x0000000712c00000|  0%| F|  |TAMS 0x0000000712a00000, 0x0000000712a00000| Untracked 
| 122|0x0000000712c00000, 0x0000000712cc7a10, 0x0000000712e00000| 38%| E|  |TAMS 0x0000000712c00000, 0x0000000712c00000| Complete 
| 123|0x0000000712e00000, 0x0000000713000000, 0x0000000713000000|100%| E|CS|TAMS 0x0000000712e00000, 0x0000000712e00000| Complete 
| 124|0x0000000713000000, 0x0000000713200000, 0x0000000713200000|100%| E|CS|TAMS 0x0000000713000000, 0x0000000713000000| Complete 
| 125|0x0000000713200000, 0x0000000713400000, 0x0000000713400000|100%| E|CS|TAMS 0x0000000713200000, 0x0000000713200000| Complete 
| 126|0x0000000713400000, 0x0000000713600000, 0x0000000713600000|100%| E|CS|TAMS 0x0000000713400000, 0x0000000713400000| Complete 

Card table byte_map: [0x0000019c5d140000,0x0000019c5d930000] _byte_map_base: 0x0000019c59924000

Marking Bits (Prev, Next): (CMBitMap*) 0x0000019c435321e0, (CMBitMap*) 0x0000019c43532220
 Prev Bits: [0x0000019c5e120000, 0x0000019c62040000)
 Next Bits: [0x0000019c62040000, 0x0000019c65f60000)

Polling page: 0x0000019c43350000

Metaspace:

Usage:
  Non-class:     11.05 MB capacity,    10.81 MB ( 98%) used,   221.88 KB (  2%) free+waste,    24.81 KB ( <1%) overhead. 
      Class:      1.68 MB capacity,     1.57 MB ( 93%) used,   102.81 KB (  6%) free+waste,    11.13 KB ( <1%) overhead. 
       Both:     12.73 MB capacity,    12.38 MB ( 97%) used,   324.69 KB (  2%) free+waste,    35.94 KB ( <1%) overhead. 

Virtual space:
  Non-class space:       12.00 MB reserved,      11.25 MB ( 94%) committed 
      Class space:        1.00 GB reserved,       1.75 MB ( <1%) committed 
             Both:        1.01 GB reserved,      13.00 MB (  1%) committed 

Chunk freelists:
   Non-Class:  8.00 KB
       Class:  10.00 KB
        Both:  18.00 KB

MaxMetaspaceSize: 17179869184.00 GB
CompressedClassSpaceSize: 1.00 GB

CodeHeap 'non-profiled nmethods': size=238336Kb used=2484Kb max_used=2484Kb free=235851Kb
 bounds [0x0000019c4d620000, 0x0000019c4d890000, 0x0000019c5bee0000]
CodeHeap 'non-nmethods': size=7424Kb used=1215Kb max_used=1215Kb free=6208Kb
 bounds [0x0000019c4cee0000, 0x0000019c4d150000, 0x0000019c4d620000]
 total_blobs=2209 nmethods=1737 adapters=398
 compilation: enabled
              stopped_count=0, restarted_count=0
 full_count=0

Compilation events (20 events):
Event: 1.317 Thread 0x0000019c6871e4c0 nmethod 1698 0x0000019c4d881d90 code [0x0000019c4d881f40, 0x0000019c4d882168]
Event: 1.317 Thread 0x0000019c6871e4c0 1699       1       java.util.ArrayList::add (23 bytes)
Event: 1.317 Thread 0x0000019c6871e4c0 nmethod 1699 0x0000019c4d882290 code [0x0000019c4d882440, 0x0000019c4d882648]
Event: 1.317 Thread 0x0000019c6871e4c0 1702       1       jdk.internal.reflect.ClassFileAssembler::setStack (25 bytes)
Event: 1.318 Thread 0x0000019c6871e4c0 nmethod 1702 0x0000019c4d882790 code [0x0000019c4d882920, 0x0000019c4d8829f8]
Event: 1.318 Thread 0x0000019c6871e4c0 1700       1       jdk.internal.reflect.ClassFileAssembler::emitConstantPoolClass (23 bytes)
Event: 1.318 Thread 0x0000019c6871e4c0 nmethod 1700 0x0000019c4d882a90 code [0x0000019c4d882c60, 0x0000019c4d882ea8]
Event: 1.318 Thread 0x0000019c6871e4c0 1701       1       jdk.internal.reflect.AccessorGenerator::sub (5 bytes)
Event: 1.318 Thread 0x0000019c6871e4c0 nmethod 1701 0x0000019c4d883090 code [0x0000019c4d883220, 0x0000019c4d8832b8]
Event: 1.319 Thread 0x0000019c6871e4c0 1705       1       jdk.internal.reflect.Reflection::isSubclassOf (21 bytes)
Event: 1.319 Thread 0x0000019c6871e4c0 nmethod 1705 0x0000019c4d883890 code [0x0000019c4d883a20, 0x0000019c4d883b28]
Event: 1.319 Thread 0x0000019c6871e4c0 1706  s    1       java.lang.Throwable::fillInStackTrace (29 bytes)
Event: 1.319 Thread 0x0000019c6871e4c0 nmethod 1706 0x0000019c4d883c10 code [0x0000019c4d883dc0, 0x0000019c4d883fe8]
Event: 1.319 Thread 0x0000019c6871e4c0 1709       1       jdk.internal.reflect.ClassFileAssembler::getStack (5 bytes)
Event: 1.320 Thread 0x0000019c6871e4c0 nmethod 1709 0x0000019c4d884090 code [0x0000019c4d884220, 0x0000019c4d8842d8]
Event: 1.320 Thread 0x0000019c6871e4c0 1708       1       java.lang.reflect.Constructor::getModifiers (5 bytes)
Event: 1.320 Thread 0x0000019c6871e4c0 nmethod 1708 0x0000019c4d884390 code [0x0000019c4d884520, 0x0000019c4d8845d8]
Event: 1.320 Thread 0x0000019c6871e4c0 1703       1       java.lang.reflect.Constructor::acquireConstructorAccessor (44 bytes)
Event: 1.320 Thread 0x0000019c6871e4c0 nmethod 1703 0x0000019c4d884690 code [0x0000019c4d884840, 0x0000019c4d884b18]
Event: 1.320 Thread 0x0000019c6871e4c0 1704       1       jdk.internal.reflect.ReflectionFactory::newConstructorAccessor (165 bytes)

GC Heap History (4 events):
Event: 0.812 GC heap before
{Heap before GC invocations=0 (full 0):
 garbage-first heap   total 260096K, used 22528K [0x0000000703800000, 0x0000000800000000)
  region size 2048K, 11 young (22528K), 0 survivors (0K)
 Metaspace       used 7022K, capacity 7250K, committed 7424K, reserved 1056768K
  class space    used 851K, capacity 915K, committed 1024K, reserved 1048576K
}
Event: 0.820 GC heap after
{Heap after GC invocations=1 (full 0):
 garbage-first heap   total 260096K, used 7442K [0x0000000703800000, 0x0000000800000000)
  region size 2048K, 2 young (4096K), 2 survivors (4096K)
 Metaspace       used 7022K, capacity 7250K, committed 7424K, reserved 1056768K
  class space    used 851K, capacity 915K, committed 1024K, reserved 1048576K
}
Event: 1.241 GC heap before
{Heap before GC invocations=1 (full 0):
 garbage-first heap   total 260096K, used 21778K [0x0000000703800000, 0x0000000800000000)
  region size 2048K, 10 young (20480K), 2 survivors (4096K)
 Metaspace       used 10520K, capacity 10820K, committed 10880K, reserved 1058816K
  class space    used 1330K, capacity 1400K, committed 1408K, reserved 1048576K
}
Event: 1.246 GC heap after
{Heap after GC invocations=2 (full 0):
 garbage-first heap   total 260096K, used 8475K [0x0000000703800000, 0x0000000800000000)
  region size 2048K, 1 young (2048K), 1 survivors (2048K)
 Metaspace       used 10520K, capacity 10820K, committed 10880K, reserved 1058816K
  class space    used 1330K, capacity 1400K, committed 1408K, reserved 1048576K
}

Deoptimization events (0 events):
No events

Classes unloaded (0 events):
No events

Classes redefined (0 events):
No events

Internal exceptions (20 events):
Event: 0.927 Thread 0x0000019c434e0f70 Exception <a 'java/lang/NoSuchMethodError'{0x00000007132f0840}: 'int java.lang.invoke.DirectMethodHandle$Holder.invokeSpecial(java.lang.Object, java.lang.Object, java.lang.Object, java.lang.Object)'> (0x00000007132f0840) 
thrown [./open/src/hotspot/share/interpreter/linkResolver.cpp, line 782]
Event: 0.966 Thread 0x0000019c434e0f70 Exception <a 'java/lang/NoSuchMethodError'{0x00000007130639d8}: 'java.lang.Object java.lang.invoke.DirectMethodHandle$Holder.invokeSpecial(java.lang.Object, java.lang.Object, java.lang.Object, java.lang.Object, java.lang.Object, java.lang.Object, int)'> (0x00000007130639d8) 
thrown [./open/src/hotspot/share/interpreter/linkResolver.cpp, line 782]
Event: 0.967 Thread 0x0000019c434e0f70 Exception <a 'java/lang/NoSuchMethodError'{0x000000071306eda0}: 'java.lang.Object java.lang.invoke.DirectMethodHandle$Holder.newInvokeSpecial(java.lang.Object, java.lang.Object, java.lang.Object, java.lang.Object, java.lang.Object, java.lang.Object, int)'> (0x000000071306eda0) 
thrown [./open/src/hotspot/share/interpreter/linkResolver.cpp, line 782]
Event: 0.968 Thread 0x0000019c434e0f70 Exception <a 'java/lang/NoSuchMethodError'{0x0000000713073e98}: 'java.lang.Object java.lang.invoke.DirectMethodHandle$Holder.invokeSpecial(java.lang.Object, java.lang.Object, java.lang.Object, java.lang.Object, java.lang.Object, java.lang.Object, java.lang.Object, int)'> (0x0000000713073e98) 
thrown [./open/src/hotspot/share/interpreter/linkResolver.cpp, line 782]
Event: 0.982 Thread 0x0000019c434e0f70 Exception <a 'java/lang/NoSuchMethodError'{0x00000007130b8650}: 'java.lang.Object java.lang.invoke.DirectMethodHandle$Holder.newInvokeSpecial(java.lang.Object, java.lang.Object, int, java.lang.Object)'> (0x00000007130b8650) 
thrown [./open/src/hotspot/share/interpreter/linkResolver.cpp, line 782]
Event: 0.983 Thread 0x0000019c434e0f70 Exception <a 'java/lang/NoSuchMethodError'{0x00000007130bcb38}: 'java.lang.Object java.lang.invoke.DirectMethodHandle$Holder.invokeSpecial(java.lang.Object, java.lang.Object, java.lang.Object, int, java.lang.Object)'> (0x00000007130bcb38) 
thrown [./open/src/hotspot/share/interpreter/linkResolver.cpp, line 782]
Event: 0.985 Thread 0x0000019c434e0f70 Exception <a 'java/lang/NoSuchMethodError'{0x00000007130c60d8}: 'void java.lang.invoke.DirectMethodHandle$Holder.invokeSpecial(java.lang.Object, java.lang.Object, java.lang.Object, java.lang.Object, java.lang.Object, java.lang.Object)'> (0x00000007130c60d8) 
thrown [./open/src/hotspot/share/interpreter/linkResolver.cpp, line 782]
Event: 0.988 Thread 0x0000019c434e0f70 Exception <a 'java/lang/NoSuchMethodError'{0x00000007130dd188}: 'java.lang.Object java.lang.invoke.DirectMethodHandle$Holder.newInvokeSpecial(java.lang.Object, java.lang.Object, java.lang.Object, java.lang.Object, java.lang.Object, java.lang.Object)'> (0x00000007130dd188) 
thrown [./open/src/hotspot/share/interpreter/linkResolver.cpp, line 782]
Event: 0.992 Thread 0x0000019c434e0f70 Exception <a 'java/lang/NoSuchMethodError'{0x00000007130f43b8}: 'int java.lang.invoke.DirectMethodHandle$Holder.invokeVirtual(java.lang.Object, java.lang.Object)'> (0x00000007130f43b8) 
thrown [./open/src/hotspot/share/interpreter/linkResolver.cpp, line 782]
Event: 1.009 Thread 0x0000019c434e0f70 Exception <a 'java/lang/NoSuchMethodError'{0x0000000713153da0}: 'void java.lang.invoke.DirectMethodHandle$Holder.invokeStatic(java.lang.Object, java.lang.Object, java.lang.Object, java.lang.Object)'> (0x0000000713153da0) 
thrown [./open/src/hotspot/share/interpreter/linkResolver.cpp, line 782]
Event: 1.066 Thread 0x0000019c434e0f70 Exception <a 'java/lang/NoSuchMethodError'{0x0000000712ec8030}: 'void java.lang.invoke.DirectMethodHandle$Holder.invokeStatic(java.lang.Object, java.lang.Object, int)'> (0x0000000712ec8030) 
thrown [./open/src/hotspot/share/interpreter/linkResolver.cpp, line 782]
Event: 1.146 Thread 0x0000019c434e0f70 Exception <a 'java/lang/NoSuchMethodError'{0x0000000712d8e028}: 'void java.lang.invoke.DirectMethodHandle$Holder.invokeSpecial(java.lang.Object, java.lang.Object, java.lang.Object, java.lang.Object, java.lang.Object)'> (0x0000000712d8e028) 
thrown [./open/src/hotspot/share/interpreter/linkResolver.cpp, line 782]
Event: 1.158 Thread 0x0000019c69ec5050 Exception <a 'java/lang/NoClassDefFoundError'{0x0000000712dcf3c0}: javax/validation/Validation> (0x0000000712dcf3c0) 
thrown [./open/src/hotspot/share/classfile/systemDictionary.cpp, line 284]
Event: 1.194 Thread 0x0000019c69ec5050 Exception <a 'java/lang/NoSuchMethodError'{0x00000007128b37a0}: 'java.lang.Object java.lang.invoke.DirectMethodHandle$Holder.invokeStaticInit(java.lang.Object, java.lang.Object, java.lang.Object, java.lang.Object, java.lang.Object)'> (0x00000007128b37a0) 
thrown [./open/src/hotspot/share/interpreter/linkResolver.cpp, line 782]
Event: 1.278 Thread 0x0000019c69e13fa0 Exception <a 'java/lang/NoSuchMethodError'{0x000000071324a968}: static [B.<clinit>()V> (0x000000071324a968) 
thrown [./open/src/hotspot/share/prims/jni.cpp, line 1204]
Event: 1.297 Thread 0x0000019c69e13fa0 Exception <a 'java/lang/ClassNotFoundException'{0x000000071300bb70}: javax/management/remote/rmi/RMIConnectionImpl_Skel> (0x000000071300bb70) 
thrown [./open/src/hotspot/share/classfile/systemDictionary.cpp, line 295]
Event: 1.299 Thread 0x0000019c69e15c80 Exception <a 'java/lang/NoSuchMethodError'{0x000000071307d4c8}: 'java.lang.Object java.lang.invoke.Invokers$Holder.linkToTargetMethod(java.lang.Object, long, java.lang.Object)'> (0x000000071307d4c8) 
thrown [./open/src/hotspot/share/interpreter/linkResolver.cpp, line 782]
Event: 1.310 Thread 0x0000019c434e0f70 Exception <a 'java/lang/NoSuchMethodError'{0x0000000713146410}: 'org.slf4j.impl.StaticMDCBinder org.slf4j.impl.StaticMDCBinder.getSingleton()'> (0x0000000713146410) 
thrown [./open/src/hotspot/share/interpreter/linkResolver.cpp, line 782]
Event: 1.315 Thread 0x0000019c69e13fa0 Exception <a 'java/lang/reflect/InvocationTargetException'{0x00000007130ef460}> (0x00000007130ef460) 
thrown [./open/src/hotspot/share/runtime/reflection.cpp, line 1157]
Event: 1.321 Thread 0x0000019c69e13fa0 Exception <a 'java/lang/NoSuchMethodError'{0x0000000712e14bb8}: static [Ljava/lang/StackTraceElement;.<clinit>()V> (0x0000000712e14bb8) 
thrown [./open/src/hotspot/share/prims/jni.cpp, line 1204]

Events (20 events):
Event: 1.305 loading class sun/rmi/transport/DGCAckHandler
Event: 1.306 loading class sun/rmi/transport/DGCAckHandler done
Event: 1.307 loading class sun/rmi/transport/DGCAckHandler$1
Event: 1.307 loading class sun/rmi/transport/DGCAckHandler$1 done
Event: 1.311 loading class java/io/UnsupportedEncodingException
Event: 1.311 loading class java/io/UnsupportedEncodingException done
Event: 1.313 loading class javax/management/MalformedObjectNameException
Event: 1.313 loading class javax/management/MalformedObjectNameException done
Event: 1.314 loading class javax/management/remote/rmi/RMIConnectionImpl$PrivilegedOperation
Event: 1.314 loading class javax/management/remote/rmi/RMIConnectionImpl$PrivilegedOperation done
Event: 1.314 loading class java/security/PrivilegedActionException
Event: 1.314 loading class java/security/PrivilegedActionException done
Event: 1.314 loading class java/lang/reflect/InvocationTargetException
Event: 1.315 loading class java/lang/reflect/InvocationTargetException done
Event: 1.316 loading class java/io/PrintWriter
Event: 1.316 loading class java/io/PrintWriter done
Event: 1.316 loading class java/lang/Throwable$PrintStreamOrWriter
Event: 1.316 loading class java/lang/Throwable$PrintStreamOrWriter done
Event: 1.318 loading class jdk/internal/reflect/UnsafeQualifiedStaticIntegerFieldAccessorImpl
Event: 1.318 loading class jdk/internal/reflect/UnsafeQualifiedStaticIntegerFieldAccessorImpl done


Dynamic libraries:
0x00007ff64edb0000 - 0x00007ff64edbd000 	C:\Users\tokta\.jdks\openjdk-15.0.1\bin\java.exe
0x00007ffc3b3a0000 - 0x00007ffc3b590000 	C:\Windows\SYSTEM32\ntdll.dll
0x00007ffc39e50000 - 0x00007ffc39f02000 	C:\Windows\System32\KERNEL32.DLL
0x00007ffc38e00000 - 0x00007ffc390a5000 	C:\Windows\System32\KERNELBASE.dll
0x00007ffc390b0000 - 0x00007ffc391aa000 	C:\Windows\System32\ucrtbase.dll
0x00007ffc31a50000 - 0x00007ffc31a69000 	C:\Users\tokta\.jdks\openjdk-15.0.1\bin\VCRUNTIME140.dll
0x00007ffc31a70000 - 0x00007ffc31a88000 	C:\Users\tokta\.jdks\openjdk-15.0.1\bin\jli.dll
0x00007ffc39630000 - 0x00007ffc397c4000 	C:\Windows\System32\USER32.dll
0x00007ffc391b0000 - 0x00007ffc391d1000 	C:\Windows\System32\win32u.dll
0x00007ffc25580000 - 0x00007ffc25804000 	C:\Windows\WinSxS\amd64_microsoft.windows.common-controls_6595b64144ccf1df_6.0.18362.1139_none_9e7bf2d3e4605ac6\COMCTL32.dll
0x00007ffc39590000 - 0x00007ffc395b6000 	C:\Windows\System32\GDI32.dll
0x00007ffc3a610000 - 0x00007ffc3a6ae000 	C:\Windows\System32\msvcrt.dll
0x00007ffc391e0000 - 0x00007ffc39376000 	C:\Windows\System32\gdi32full.dll
0x00007ffc38430000 - 0x00007ffc384ce000 	C:\Windows\System32\msvcp_win.dll
0x00007ffc39b10000 - 0x00007ffc39e45000 	C:\Windows\System32\combase.dll
0x00007ffc39910000 - 0x00007ffc39a30000 	C:\Windows\System32\RPCRT4.dll
0x00007ffc393a0000 - 0x00007ffc39420000 	C:\Windows\System32\bcryptPrimitives.dll
0x00007ffc3ab90000 - 0x00007ffc3abbe000 	C:\Windows\System32\IMM32.DLL
0x00007ffc31ad0000 - 0x00007ffc31adc000 	C:\Users\tokta\.jdks\openjdk-15.0.1\bin\vcruntime140_1.dll
0x00007ffc2b9b0000 - 0x00007ffc2ba41000 	C:\Users\tokta\.jdks\openjdk-15.0.1\bin\msvcp140.dll
0x00007ffbdd2b0000 - 0x00007ffbdde0e000 	C:\Users\tokta\.jdks\openjdk-15.0.1\bin\server\jvm.dll
0x00007ffc3aae0000 - 0x00007ffc3ab83000 	C:\Windows\System32\ADVAPI32.dll
0x00007ffc3ac90000 - 0x00007ffc3ad27000 	C:\Windows\System32\sechost.dll
0x00007ffc3a890000 - 0x00007ffc3a898000 	C:\Windows\System32\PSAPI.DLL
0x00007ffc297b0000 - 0x00007ffc297d4000 	C:\Windows\SYSTEM32\WINMM.dll
0x00007ffc2ef70000 - 0x00007ffc2ef79000 	C:\Windows\SYSTEM32\WSOCK32.dll
0x00007ffc2da10000 - 0x00007ffc2da1a000 	C:\Windows\SYSTEM32\VERSION.dll
0x00007ffc397d0000 - 0x00007ffc3983f000 	C:\Windows\System32\WS2_32.dll
0x00007ffc29780000 - 0x00007ffc297ad000 	C:\Windows\SYSTEM32\winmmbase.dll
0x00007ffc38330000 - 0x00007ffc3837a000 	C:\Windows\System32\cfgmgr32.dll
0x00007ffc382c0000 - 0x00007ffc382d1000 	C:\Windows\System32\kernel.appcore.dll
0x00007ffc31aa0000 - 0x00007ffc31aaa000 	C:\Users\tokta\.jdks\openjdk-15.0.1\bin\jimage.dll
0x00007ffc33970000 - 0x00007ffc33b64000 	C:\Windows\SYSTEM32\DBGHELP.DLL
0x00007ffc23d70000 - 0x00007ffc23d9a000 	C:\Windows\SYSTEM32\dbgcore.DLL
0x00007ffc31a40000 - 0x00007ffc31a4e000 	C:\Users\tokta\.jdks\openjdk-15.0.1\bin\instrument.dll
0x00007ffc2e150000 - 0x00007ffc2e175000 	C:\Users\tokta\.jdks\openjdk-15.0.1\bin\java.dll
0x00007ffc39f20000 - 0x00007ffc3a607000 	C:\Windows\System32\SHELL32.dll
0x00007ffc3a8a0000 - 0x00007ffc3a949000 	C:\Windows\System32\shcore.dll
0x00007ffc38530000 - 0x00007ffc38cb0000 	C:\Windows\System32\windows.storage.dll
0x00007ffc38300000 - 0x00007ffc38323000 	C:\Windows\System32\profapi.dll
0x00007ffc38270000 - 0x00007ffc382ba000 	C:\Windows\System32\powrprof.dll
0x00007ffc38260000 - 0x00007ffc38270000 	C:\Windows\System32\UMPDC.dll
0x00007ffc3a9b0000 - 0x00007ffc3aa02000 	C:\Windows\System32\shlwapi.dll
0x00007ffc39380000 - 0x00007ffc39397000 	C:\Windows\System32\cryptsp.dll
0x00007ffc2e110000 - 0x00007ffc2e128000 	C:\Users\tokta\.jdks\openjdk-15.0.1\bin\zip.dll
0x00007ffc2e6d0000 - 0x00007ffc2e6e9000 	C:\Users\tokta\.jdks\openjdk-15.0.1\bin\net.dll
0x00007ffc30780000 - 0x00007ffc30870000 	C:\Windows\SYSTEM32\WINHTTP.dll
0x00007ffc37ab0000 - 0x00007ffc37b17000 	C:\Windows\system32\mswsock.dll
0x00007ffc2e130000 - 0x00007ffc2e142000 	C:\Users\tokta\.jdks\openjdk-15.0.1\bin\nio.dll
0x00007ffc2b860000 - 0x00007ffc2b87a000 	C:\Program Files\JetBrains\IntelliJ IDEA 2020.2.3\bin\breakgen64.dll
0x00007ffc37800000 - 0x00007ffc378cb000 	C:\Windows\SYSTEM32\DNSAPI.dll
0x00007ffc3ad30000 - 0x00007ffc3ad38000 	C:\Windows\System32\NSI.dll
0x00007ffc377c0000 - 0x00007ffc377fa000 	C:\Windows\SYSTEM32\IPHLPAPI.DLL
0x00007ffc2da00000 - 0x00007ffc2da0a000 	C:\Windows\System32\rasadhlp.dll
0x00007ffc2cc20000 - 0x00007ffc2cc97000 	C:\Windows\System32\fwpuclnt.dll
0x00007ffc39420000 - 0x00007ffc39446000 	C:\Windows\System32\bcrypt.dll
0x00007ffc2e710000 - 0x00007ffc2e719000 	C:\Users\tokta\.jdks\openjdk-15.0.1\bin\management.dll
0x00007ffc2e540000 - 0x00007ffc2e54b000 	C:\Users\tokta\.jdks\openjdk-15.0.1\bin\management_ext.dll
0x00007ffc37620000 - 0x00007ffc37653000 	C:\Windows\system32\rsaenh.dll
0x00007ffc38140000 - 0x00007ffc38165000 	C:\Windows\SYSTEM32\USERENV.dll
0x00007ffc37c80000 - 0x00007ffc37c8c000 	C:\Windows\SYSTEM32\CRYPTBASE.dll
0x00007ffc2d2f0000 - 0x00007ffc2d306000 	C:\Windows\SYSTEM32\dhcpcsvc6.DLL
0x00007ffc2d060000 - 0x00007ffc2d07c000 	C:\Windows\SYSTEM32\dhcpcsvc.DLL
0x00007ffbffa30000 - 0x00007ffbffa46000 	C:\Windows\system32\napinsp.dll
0x00007ffbf8310000 - 0x00007ffbf832a000 	C:\Windows\system32\pnrpnsp.dll
0x00007ffc107b0000 - 0x00007ffc107be000 	C:\Windows\System32\winrnr.dll
0x00007ffc318f0000 - 0x00007ffc3190c000 	C:\Windows\system32\NLAapi.dll
0x00007ffc30ae0000 - 0x00007ffc30af5000 	C:\Windows\system32\wshbth.dll

dbghelp: loaded successfully - version: 4.0.5 - missing functions: none
symbol engine: initialized successfully - sym options: 0x614 - pdb path: .;C:\Users\tokta\.jdks\openjdk-15.0.1\bin;C:\Windows\SYSTEM32;C:\Windows\WinSxS\amd64_microsoft.windows.common-controls_6595b64144ccf1df_6.0.18362.1139_none_9e7bf2d3e4605ac6;C:\Users\tokta\.jdks\openjdk-15.0.1\bin\server;C:\Program Files\JetBrains\IntelliJ IDEA 2020.2.3\bin

VM Arguments:
jvm_args: -XX:TieredStopAtLevel=1 -Xverify:none -Dspring.output.ansi.enabled=always -Dcom.sun.management.jmxremote -Dspring.jmx.enabled=true -Dspring.liveBeansView.mbeanDomain -Dspring.application.admin.enabled=true -javaagent:C:\Program Files\JetBrains\IntelliJ IDEA 2020.2.3\lib\idea_rt.jar=51010:C:\Program Files\JetBrains\IntelliJ IDEA 2020.2.3\bin -Dfile.encoding=UTF-8 
java_command: kz.springboot.springbootdemo.SpringbootdemoApplication
java_class_path (initial): C:\Users\tokta\Downloads\springbootdemo\springbootdemo\target\classes;C:\Users\tokta\.m2\repository\org\springframework\boot\spring-boot-starter-data-jpa\2.3.4.RELEASE\spring-boot-starter-data-jpa-2.3.4.RELEASE.jar;C:\Users\tokta\.m2\repository\org\springframework\boot\spring-boot-starter-aop\2.3.4.RELEASE\spring-boot-starter-aop-2.3.4.RELEASE.jar;C:\Users\tokta\.m2\repository\org\springframework\spring-aop\5.2.9.RELEASE\spring-aop-5.2.9.RELEASE.jar;C:\Users\tokta\.m2\repository\org\aspectj\aspectjweaver\1.9.6\aspectjweaver-1.9.6.jar;C:\Users\tokta\.m2\repository\org\springframework\boot\spring-boot-starter-jdbc\2.3.4.RELEASE\spring-boot-starter-jdbc-2.3.4.RELEASE.jar;C:\Users\tokta\.m2\repository\com\zaxxer\HikariCP\3.4.5\HikariCP-3.4.5.jar;C:\Users\tokta\.m2\repository\org\springframework\spring-jdbc\5.2.9.RELEASE\spring-jdbc-5.2.9.RELEASE.jar;C:\Users\tokta\.m2\repository\jakarta\transaction\jakarta.transaction-api\1.3.3\jakarta.transaction-api-1.3.3.jar;C:\Users\tokta\.m2\repository\jakarta\persistence\jakarta.persistence-api\2.2.3\jakarta.persistence-api-2.2.3.jar;C:\Users\tokta\.m2\repository\org\hibernate\hibernate-core\5.4.21.Final\hibernate-core-5.4.21.Final.jar;C:\Users\tokta\.m2\repository\org\jboss\logging\jboss-logging\3.4.1.Final\jboss-logging-3.4.1.Final.jar;C:\Users\tokta\.m2\repository\org\javassist\javassist\3.24.0-GA\javassist-3.24.0-GA.jar;C:\Users\tokta\.m2\repository\net\bytebuddy\byte-buddy\1.10.14\byte-buddy-1.10.14.jar;C:\Users\tokta\.m2\repository\antlr\antlr\2.7.7\antlr-2.7.7.jar;C:\Users\tokta\.m2\repository\org\jboss\jandex\2.1.3.Final\jandex-2.1.3.Final.jar;C:\Users\tokta\.m2\repository\com\fasterxml\classmate\1.5.1\classmate-1.5.1.jar;C:\Users\tokta\.m2\repository\org\dom4j\dom4j\2.1.3\dom4j-2.1.3.jar;C:\Users\tokta\.m2\repository\org\hibernate\common\hibernate-commons-annotations\5.1.0.Final\hibernate-commons-annotations-5.1.0.Final.jar;C:\Users\tokta\.m2\repository\org\glassfish\jaxb\jaxb-runtime\2.3.3\ja
Launcher Type: SUN_STANDARD

[Global flags]
     intx CICompilerCount                          = 4                                         {product} {ergonomic}
     uint ConcGCThreads                            = 2                                         {product} {ergonomic}
     uint G1ConcRefinementThreads                  = 8                                         {product} {ergonomic}
   size_t G1HeapRegionSize                         = 2097152                                   {product} {ergonomic}
    uintx GCDrainStackTargetSize                   = 64                                        {product} {ergonomic}
   size_t InitialHeapSize                          = 266338304                                 {product} {ergonomic}
     bool ManagementServer                         = true                                      {product} {command line}
   size_t MarkStackSize                            = 4194304                                   {product} {ergonomic}
   size_t MaxHeapSize                              = 4236247040                                {product} {ergonomic}
   size_t MaxNewSize                               = 2541748224                                {product} {ergonomic}
   size_t MinHeapDeltaBytes                        = 2097152                                   {product} {ergonomic}
   size_t MinHeapSize                              = 8388608                                   {product} {ergonomic}
    uintx NonNMethodCodeHeapSize                   = 7549744                                {pd product} {ergonomic}
    uintx NonProfiledCodeHeapSize                  = 244108496                              {pd product} {ergonomic}
    uintx ProfiledCodeHeapSize                     = 0                                      {pd product} {ergonomic}
    uintx ReservedCodeCacheSize                    = 251658240                              {pd product} {ergonomic}
     bool SegmentedCodeCache                       = true                                      {product} {ergonomic}
   size_t SoftMaxHeapSize                          = 4236247040                             {manageable} {ergonomic}
     intx TieredStopAtLevel                        = 1                                         {product} {command line}
     bool UseCompressedClassPointers               = true                                 {lp64_product} {ergonomic}
     bool UseCompressedOops                        = true                                 {lp64_product} {ergonomic}
     bool UseG1GC                                  = true                                      {product} {ergonomic}
     bool UseLargePagesIndividualAllocation        = false                                  {pd product} {ergonomic}

Logging:
Log output configuration:
 #0: stdout all=warning uptime,level,tags
 #1: stderr all=off uptime,level,tags

Environment Variables:
PATH=C:\Program Files\Common Files\Oracle\Java\javapath;C:\Windows\system32;C:\Windows;C:\Windows\System32\Wbem;C:\Windows\System32\WindowsPowerShell\v1.0\;C:\Windows\System32\OpenSSH\;C:\Program Files\dotnet\;C:\Program Files\Microsoft SQL Server\130\Tools\Binn\;C:\Program Files\Microsoft SQL Server\Client SDK\ODBC\170\Tools\Binn\;C:\Users\tokta\AppData\Local\Microsoft\WindowsApps;;C:\Users\tokta\AppData\Local\Programs\Microsoft VS Code\bin;C:\Program Files\JetBrains\IntelliJ IDEA 2020.2.3\bin;;C:\Users\tokta\.dotnet\tools
USERNAME=tokta
OS=Windows_NT
PROCESSOR_IDENTIFIER=Intel64 Family 6 Model 126 Stepping 5, GenuineIntel



---------------  S Y S T E M  ---------------

OS:
 Windows 10 , 64 bit Build 18362 (10.0.18362.1110)
OS uptime: 2 days 15:31 hours

CPU: total 8 (initial active 8) (4 cores per cpu, 2 threads per core) family 6 model 126 stepping 5 microcode 0x70, cmov, cx8, fxsr, mmx, sse, sse2, sse3, ssse3, sse4.1, sse4.2, popcnt, vzeroupper, avx, avx2, aes, clmul, erms, 3dnowpref, lzcnt, ht, tsc, tscinvbit, bmi1, bmi2, adx, avx512f, avx512dq, avx512cd, avx512bw, avx512vl, avx512_vpopcntdq, avx512_vpclmulqdq, avx512_vbmi, avx512_vbmi2, avx512_vaes, avx512_vnni, sha, fma, clflush, clflushopt

Memory: 4k page, system-wide physical 16152M (6794M free)
TotalPageFile size 19096M (AvailPageFile size 6340M)
current process WorkingSet (physical memory assigned to process): 92M, peak: 92M
current process commit charge ("private bytes"): 364M, peak: 364M

vm_info: OpenJDK 64-Bit Server VM (15.0.1+9-18) for windows-amd64 JRE (15.0.1+9-18), built on Sep 15 2020 14:39:31 by "mach5one" with unknown MS VC++:1925

END.
